mode: atomic
holocron/internal/user/domain/user_name.go:9.48,10.31 1 201
holocron/internal/user/domain/user_name.go:10.31,12.3 1 101
holocron/internal/user/domain/user_name.go:13.2,13.25 1 100
holocron/internal/book/domain/book_authors.go:9.62,10.23 1 3
holocron/internal/book/domain/book_authors.go:10.23,12.3 1 2
holocron/internal/book/domain/book_authors.go:13.2,13.34 1 1
holocron/internal/book/domain/book_code.go:9.48,10.13 1 101
holocron/internal/book/domain/book_code.go:10.13,12.3 1 1
holocron/internal/book/domain/book_code.go:13.2,13.25 1 100
holocron/internal/book/domain/book_info.go:19.62,35.52 2 102
holocron/internal/book/domain/book_info.go:35.52,37.3 1 1
holocron/internal/book/domain/book_info.go:39.2,39.50 1 101
holocron/internal/book/domain/book_info.go:39.50,41.3 1 1
holocron/internal/book/domain/book_info.go:43.2,50.8 2 100
holocron/internal/book/domain/book_info.go:53.57,64.52 2 98
holocron/internal/book/domain/book_info.go:64.52,66.3 1 0
holocron/internal/book/domain/book_info.go:68.2,68.46 1 98
holocron/internal/book/domain/book_info.go:68.46,70.3 1 1
holocron/internal/book/domain/book_info.go:72.2,73.25 2 97
holocron/internal/book/domain/book_info.go:73.25,75.3 1 1
holocron/internal/book/domain/book_info.go:77.2,78.26 2 96
holocron/internal/book/domain/book_info.go:78.26,80.26 2 0
holocron/internal/book/domain/book_info.go:80.26,82.4 1 0
holocron/internal/book/domain/book_info.go:85.2,91.8 1 96
holocron/internal/book/domain/book_info.go:94.37,95.17 1 96
holocron/internal/book/domain/book_info.go:95.17,97.3 1 96
holocron/internal/book/domain/book_info.go:98.2,98.10 1 0
holocron/internal/book/domain/book_title.go:9.50,10.32 1 3
holocron/internal/book/domain/book_title.go:10.32,12.3 1 2
holocron/internal/book/domain/book_title.go:13.2,13.26 1 1
holocron/internal/book/domain/lookup_book_info.go:9.100,10.30 1 200
holocron/internal/book/domain/lookup_book_info.go:10.30,12.17 2 782
holocron/internal/book/domain/lookup_book_info.go:12.17,14.4 1 100
holocron/internal/book/domain/lookup_book_info.go:16.2,16.29 1 100
